This is pdfTeX, Version 3.141592653-2.6-1.40.23 (TeX Live 2021/W32TeX) (preloaded format=pdflatex 2022.2.19)  23 FEB 2022 18:46
entering extended mode
 restricted \write18 enabled.
 %&-line parsing enabled.
**21.tex
(./21.tex
LaTeX2e <2021-11-15> patch level 1
L3 programming layer <2022-02-05>
! Undefined control sequence.
l.1 \chapter
            {–ì–ï–û–ú–ï–¢–†–ò–Ø}
The control sequence at the end of the top line
of your error message was never \def'ed. If you have
misspelled it (e.g., `\hobx'), type `I' and the correct
spelling (e.g., `I\hbox'). Otherwise just continue,
and I'll forget about whatever was undefined.


! LaTeX Error: Unicode character –ì (U+0413)
               not set up for use with LaTeX.

See the LaTeX manual or LaTeX Companion for explanation.
Type  H <return>  for immediate help.
 ...                                              
                                                  
l.1 \chapter{–ì
               –ï–û–ú–ï–¢–†–ò–Ø}
You may provide a definition with
\DeclareUnicodeCharacter 


! LaTeX Error: Unicode character –ï (U+0415)
               not set up for use with LaTeX.

See the LaTeX manual or LaTeX Companion for explanation.
Type  H <return>  for immediate help.
 ...                                              
                                                  
l.1 \chapter{–ì–ï
                 –û–ú–ï–¢–†–ò–Ø}
You may provide a definition with
\DeclareUnicodeCharacter 


! LaTeX Error: Unicode character –û (U+041E)
               not set up for use with LaTeX.

See the LaTeX manual or LaTeX Companion for explanation.
Type  H <return>  for immediate help.
 ...                                              
                                                  
l.1 \chapter{–ì–ï–û
                   –ú–ï–¢–†–ò–Ø}
You may provide a definition with
\DeclareUnicodeCharacter 


! LaTeX Error: Unicode character –ú (U+041C)
               not set up for use with LaTeX.

See the LaTeX manual or LaTeX Companion for explanation.
Type  H <return>  for immediate help.
 ...                                              
                                                  
l.1 \chapter{–ì–ï–û–ú
                     –ï–¢–†–ò–Ø}
You may provide a definition with
\DeclareUnicodeCharacter 


! LaTeX Error: Unicode character –ï (U+0415)
               not set up for use with LaTeX.

See the LaTeX manual or LaTeX Companion for explanation.
Type  H <return>  for immediate help.
 ...                                              
                                                  
l.1 \chapter{–ì–ï–û–ú–ï
                       –¢–†–ò–Ø}
You may provide a definition with
\DeclareUnicodeCharacter 


! LaTeX Error: Unicode character –¢ (U+0422)
               not set up for use with LaTeX.

See the LaTeX manual or LaTeX Companion for explanation.
Type  H <return>  for immediate help.
 ...                                              
                                                  
l.1 \chapter{–ì–ï–û–ú–ï–¢
                         –†–ò–Ø}
You may provide a definition with
\DeclareUnicodeCharacter 


! LaTeX Error: Unicode character –† (U+0420)
               not set up for use with LaTeX.

See the LaTeX manual or LaTeX Companion for explanation.
Type  H <return>  for immediate help.
 ...                                              
                                                  
l.1 \chapter{–ì–ï–û–ú–ï–¢–†
                           –ò–Ø}
You may provide a definition with
\DeclareUnicodeCharacter 


! LaTeX Error: Unicode character –ò (U+0418)
               not set up for use with LaTeX.

See the LaTeX manual or LaTeX Companion for explanation.
Type  H <return>  for immediate help.
 ...                                              
                                                  
l.1 \chapter{–ì–ï–û–ú–ï–¢–†–ò
                             –Ø}
You may provide a definition with
\DeclareUnicodeCharacter 


! LaTeX Error: Unicode character –Ø (U+042F)
               not set up for use with LaTeX.

See the LaTeX manual or LaTeX Companion for explanation.
Type  H <return>  for immediate help.
 ...                                              
                                                  
l.1 \chapter{–ì–ï–û–ú–ï–¢–†–ò–Ø
                               }
You may provide a definition with
\DeclareUnicodeCharacter 

! Undefined control sequence.
l.2 \section
            {–û–°–ù–û–í–ù–´–ï –ü–û–ù–Ø–¢–ò–Ø –ò –£–¢–í–ï–†–ñ–î–ï–ù–ò–Ø –ì–ï–...
The control sequence at the end of the top line
of your error message was never \def'ed. If you have
misspelled it (e.g., `\hobx'), type `I' and the correct
spelling (e.g., `I\hbox'). Otherwise just continue,
and I'll forget about whatever was undefined.


! LaTeX Error: Unicode character –û (U+041E)
               not set up for use with LaTeX.

See the LaTeX manual or LaTeX Companion for explanation.
Type  H <return>  for immediate help.
 ...                                              
                                                  
l.2 \section{–û
               –°–ù–û–í–ù–´–ï –ü–û–ù–Ø–¢–ò–Ø –ò –£–¢–í–ï–†–ñ–î–ï–ù–ò–Ø –ì–ï–...

You may provide a definition with
\DeclareUnicodeCharacter 


! LaTeX Error: Unicode character –° (U+0421)
               not set up for use with LaTeX.

See the LaTeX manual or LaTeX Companion for explanation.
Type  H <return>  for immediate help.
 ...                                              
                                                  
l.2 \section{–û–°
                 –ù–û–í–ù–´–ï –ü–û–ù–Ø–¢–ò–Ø –ò –£–¢–í–ï–†–ñ–î–ï–ù–ò–Ø –ì–ï–...

You may provide a definition with
\DeclareUnicodeCharacter 


! LaTeX Error: Unicode character –ù (U+041D)
               not set up for use with LaTeX.

See the LaTeX manual or LaTeX Companion for explanation.
Type  H <return>  for immediate help.
 ...                                              
                                                  
l.2 \section{–û–°–ù
                   –û–í–ù–´–ï –ü–û–ù–Ø–¢–ò–Ø –ò –£–¢–í–ï–†–ñ–î–ï–ù–ò–Ø –ì–ï–...

You may provide a definition with
\DeclareUnicodeCharacter 


! LaTeX Error: Unicode character –û (U+041E)
               not set up for use with LaTeX.

See the LaTeX manual or LaTeX Companion for explanation.
Type  H <return>  for immediate help.
 ...                                              
                                                  
l.2 \section{–û–°–ù–û
                     –í–ù–´–ï –ü–û–ù–Ø–¢–ò–Ø –ò –£–¢–í–ï–†–ñ–î–ï–ù–ò–Ø –ì–ï–...

You may provide a definition with
\DeclareUnicodeCharacter 


! LaTeX Error: Unicode character –í (U+0412)
               not set up for use with LaTeX.

See the LaTeX manual or LaTeX Companion for explanation.
Type  H <return>  for immediate help.
 ...                                              
                                                  
l.2 \section{–û–°–ù–û–í
                       –ù–´–ï –ü–û–ù–Ø–¢–ò–Ø –ò –£–¢–í–ï–†–ñ–î–ï–ù–ò–Ø –ì–ï–...

You may provide a definition with
\DeclareUnicodeCharacter 


! LaTeX Error: Unicode character –ù (U+041D)
               not set up for use with LaTeX.

See the LaTeX manual or LaTeX Companion for explanation.
Type  H <return>  for immediate help.
 ...                                              
                                                  
l.2 \section{–û–°–ù–û–í–ù
                         –´–ï –ü–û–ù–Ø–¢–ò–Ø –ò –£–¢–í–ï–†–ñ–î–ï–ù–ò–Ø –ì–ï–...

You may provide a definition with
\DeclareUnicodeCharacter 


! LaTeX Error: Unicode character –´ (U+042B)
               not set up for use with LaTeX.

See the LaTeX manual or LaTeX Companion for explanation.
Type  H <return>  for immediate help.
 ...                                              
                                                  
l.2 \section{–û–°–ù–û–í–ù–´
                           –ï –ü–û–ù–Ø–¢–ò–Ø –ò –£–¢–í–ï–†–ñ–î–ï–ù–ò–Ø –ì–ï–...

You may provide a definition with
\DeclareUnicodeCharacter 


! LaTeX Error: Unicode character –ï (U+0415)
               not set up for use with LaTeX.

See the LaTeX manual or LaTeX Companion for explanation.
Type  H <return>  for immediate help.
 ...                                              
                                                  
l.2 \section{–û–°–ù–û–í–ù–´–ï
                              –ü–û–ù–Ø–¢–ò–Ø –ò –£–¢–í–ï–†–ñ–î–ï–ù–ò–Ø –ì–ï–...

You may provide a definition with
\DeclareUnicodeCharacter 


! LaTeX Error: Unicode character –ü (U+041F)
               not set up for use with LaTeX.

See the LaTeX manual or LaTeX Companion for explanation.
Type  H <return>  for immediate help.
 ...                                              
                                                  
l.2 \section{–û–°–ù–û–í–ù–´–ï –ü
                                –û–ù–Ø–¢–ò–Ø –ò –£–¢–í–ï–†–ñ–î–ï–ù–ò–Ø –ì–ï–...

You may provide a definition with
\DeclareUnicodeCharacter 


! LaTeX Error: Unicode character –û (U+041E)
               not set up for use with LaTeX.

See the LaTeX manual or LaTeX Companion for explanation.
Type  H <return>  for immediate help.
 ...                                              
                                                  
l.2 \section{–û–°–ù–û–í–ù–´–ï –ü–û
                                  –ù–Ø–¢–ò–Ø –ò –£–¢–í–ï–†–ñ–î–ï–ù–ò–Ø –ì–ï–...

You may provide a definition with
\DeclareUnicodeCharacter 


! LaTeX Error: Unicode character –ù (U+041D)
               not set up for use with LaTeX.

See the LaTeX manual or LaTeX Companion for explanation.
Type  H <return>  for immediate help.
 ...                                              
                                                  
l.2 \section{–û–°–ù–û–í–ù–´–ï –ü–û–ù
                                    –Ø–¢–ò–Ø –ò –£–¢–í–ï–†–ñ–î–ï–ù–ò–Ø –ì–ï–...

You may provide a definition with
\DeclareUnicodeCharacter 


! LaTeX Error: Unicode character –Ø (U+042F)
               not set up for use with LaTeX.

See the LaTeX manual or LaTeX Companion for explanation.
Type  H <return>  for immediate help.
 ...                                              
                                                  
l.2 \section{–û–°–ù–û–í–ù–´–ï –ü–û–ù–Ø
                                      –¢–ò–Ø –ò –£–¢–í–ï–†–ñ–î–ï–ù–ò–Ø –ì–ï–...

You may provide a definition with
\DeclareUnicodeCharacter 


! LaTeX Error: Unicode character –¢ (U+0422)
               not set up for use with LaTeX.

See the LaTeX manual or LaTeX Companion for explanation.
Type  H <return>  for immediate help.
 ...                                              
                                                  
l.2 \section{–û–°–ù–û–í–ù–´–ï –ü–û–ù–Ø–¢
                                        –ò–Ø –ò –£–¢–í–ï–†–ñ–î–ï–ù–ò–Ø –ì–ï–...

You may provide a definition with
\DeclareUnicodeCharacter 


! LaTeX Error: Unicode character –ò (U+0418)
               not set up for use with LaTeX.

See the LaTeX manual or LaTeX Companion for explanation.
Type  H <return>  for immediate help.
 ...                                              
                                                  
l.2 \section{–û–°–ù–û–í–ù–´–ï –ü–û–ù–Ø–¢–ò
                                          –Ø –ò –£–¢–í–ï–†–ñ–î–ï–ù–ò–Ø –ì–ï–...

You may provide a definition with
\DeclareUnicodeCharacter 


! LaTeX Error: Unicode character –Ø (U+042F)
               not set up for use with LaTeX.

See the LaTeX manual or LaTeX Companion for explanation.
Type  H <return>  for immediate help.
 ...                                              
                                                  
l.2 \section{–û–°–ù–û–í–ù–´–ï –ü–û–ù–Ø–¢–ò–Ø
                                             –ò –£–¢–í–ï–†–ñ–î–ï–ù–ò–Ø –ì–ï–...

You may provide a definition with
\DeclareUnicodeCharacter 


! LaTeX Error: Unicode character –ò (U+0418)
               not set up for use with LaTeX.

See the LaTeX manual or LaTeX Companion for explanation.
Type  H <return>  for immediate help.
 ...                                              
                                                  
l.2 \section{–û–°–ù–û–í–ù–´–ï –ü–û–ù–Ø–¢–ò–Ø –ò
                                                –£–¢–í–ï–†–ñ–î–ï–ù–ò–Ø –ì–ï–...

You may provide a definition with
\DeclareUnicodeCharacter 


! LaTeX Error: Unicode character –£ (U+0423)
               not set up for use with LaTeX.

See the LaTeX manual or LaTeX Companion for explanation.
Type  H <return>  for immediate help.
 ...                                              
                                                  
l.2 \section{–û–°–ù–û–í–ù–´–ï –ü–û–ù–Ø–¢–ò–Ø –ò –£
                                                  –¢–í–ï–†–ñ–î–ï–ù–ò–Ø –ì–ï–...

You may provide a definition with
\DeclareUnicodeCharacter 


! LaTeX Error: Unicode character –¢ (U+0422)
               not set up for use with LaTeX.

See the LaTeX manual or LaTeX Companion for explanation.
Type  H <return>  for immediate help.
 ...                                              
                                                  
l.2 ...ion{–û–°–ù–û–í–ù–´–ï –ü–û–ù–Ø–¢–ò–Ø –ò –£–¢
                                                  –í–ï–†–ñ–î–ï–ù–ò–Ø –ì–ï–û–...

You may provide a definition with
\DeclareUnicodeCharacter 


! LaTeX Error: Unicode character –í (U+0412)
               not set up for use with LaTeX.

See the LaTeX manual or LaTeX Companion for explanation.
Type  H <return>  for immediate help.
 ...                                              
                                                  
l.2 ...n{–û–°–ù–û–í–ù–´–ï –ü–û–ù–Ø–¢–ò–Ø –ò –£–¢–í
                                                  –ï–†–ñ–î–ï–ù–ò–Ø –ì–ï–û–ú–...

You may provide a definition with
\DeclareUnicodeCharacter 


! LaTeX Error: Unicode character –ï (U+0415)
               not set up for use with LaTeX.

See the LaTeX manual or LaTeX Companion for explanation.
Type  H <return>  for immediate help.
 ...                                              
                                                  
l.2 ...–û–°–ù–û–í–ù–´–ï –ü–û–ù–Ø–¢–ò–Ø –ò –£–¢–í–ï
                                                  –†–ñ–î–ï–ù–ò–Ø –ì–ï–û–ú–ï–...

You may provide a definition with
\DeclareUnicodeCharacter 


! LaTeX Error: Unicode character –† (U+0420)
               not set up for use with LaTeX.

See the LaTeX manual or LaTeX Companion for explanation.
Type  H <return>  for immediate help.
 ...                                              
                                                  
l.2 ...–°–ù–û–í–ù–´–ï –ü–û–ù–Ø–¢–ò–Ø –ò –£–¢–í–ï–†
                                                  –ñ–î–ï–ù–ò–Ø –ì–ï–û–ú–ï–¢–...

You may provide a definition with
\DeclareUnicodeCharacter 


! LaTeX Error: Unicode character –ñ (U+0416)
               not set up for use with LaTeX.

See the LaTeX manual or LaTeX Companion for explanation.
Type  H <return>  for immediate help.
 ...                                              
                                                  
l.2 ...–ù–û–í–ù–´–ï –ü–û–ù–Ø–¢–ò–Ø –ò –£–¢–í–ï–†–ñ
                                                  –î–ï–ù–ò–Ø –ì–ï–û–ú–ï–¢–†–...

You may provide a definition with
\DeclareUnicodeCharacter 


! LaTeX Error: Unicode character –î (U+0414)
               not set up for use with LaTeX.

See the LaTeX manual or LaTeX Companion for explanation.
Type  H <return>  for immediate help.
 ...                                              
                                                  
l.2 ...–û–í–ù–´–ï –ü–û–ù–Ø–¢–ò–Ø –ò –£–¢–í–ï–†–ñ–î
                                                  –ï–ù–ò–Ø –ì–ï–û–ú–ï–¢–†–ò–ò}
You may provide a definition with
\DeclareUnicodeCharacter 


! LaTeX Error: Unicode character –ï (U+0415)
               not set up for use with LaTeX.

See the LaTeX manual or LaTeX Companion for explanation.
Type  H <return>  for immediate help.
 ...                                              
                                                  
l.2 ...–í–ù–´–ï –ü–û–ù–Ø–¢–ò–Ø –ò –£–¢–í–ï–†–ñ–î–ï
                                                  –ù–ò–Ø –ì–ï–û–ú–ï–¢–†–ò–ò}
You may provide a definition with
\DeclareUnicodeCharacter 


! LaTeX Error: Unicode character –ù (U+041D)
               not set up for use with LaTeX.

See the LaTeX manual or LaTeX Companion for explanation.
Type  H <return>  for immediate help.
 ...                                              
                                                  
l.2 ...–ù–´–ï –ü–û–ù–Ø–¢–ò–Ø –ò –£–¢–í–ï–†–ñ–î–ï–ù
                                                  –ò–Ø –ì–ï–û–ú–ï–¢–†–ò–ò}
You may provide a definition with
\DeclareUnicodeCharacter 


! LaTeX Error: Unicode character –ò (U+0418)
               not set up for use with LaTeX.

See the LaTeX manual or LaTeX Companion for explanation.
Type  H <return>  for immediate help.
 ...                                              
                                                  
l.2 ...–´–ï –ü–û–ù–Ø–¢–ò–Ø –ò –£–¢–í–ï–†–ñ–î–ï–ù–ò
                                                  –Ø –ì–ï–û–ú–ï–¢–†–ò–ò}
You may provide a definition with
\DeclareUnicodeCharacter 


! LaTeX Error: Unicode character –Ø (U+042F)
               not set up for use with LaTeX.

See the LaTeX manual or LaTeX Companion for explanation.
Type  H <return>  for immediate help.
 ...                                              
                                                  
l.2 ...–ï –ü–û–ù–Ø–¢–ò–Ø –ò –£–¢–í–ï–†–ñ–î–ï–ù–ò–Ø
                                                   –ì–ï–û–ú–ï–¢–†–ò–ò}
You may provide a definition with
\DeclareUnicodeCharacter 


! LaTeX Error: Unicode character –ì (U+0413)
               not set up for use with LaTeX.

See the LaTeX manual or LaTeX Companion for explanation.
Type  H <return>  for immediate help.
 ...                                              
                                                  
l.2 ...–ü–û–ù–Ø–¢–ò–Ø –ò –£–¢–í–ï–†–ñ–î–ï–ù–ò–Ø –ì
                                                  –ï–û–ú–ï–¢–†–ò–ò}
You may provide a definition with
\DeclareUnicodeCharacter 


! LaTeX Error: Unicode character –ï (U+0415)
               not set up for use with LaTeX.

See the LaTeX manual or LaTeX Companion for explanation.
Type  H <return>  for immediate help.
 ...                                              
                                                  
l.2 ...–û–ù–Ø–¢–ò–Ø –ò –£–¢–í–ï–†–ñ–î–ï–ù–ò–Ø –ì–ï
                                                  –û–ú–ï–¢–†–ò–ò}
You may provide a definition with
\DeclareUnicodeCharacter 


! LaTeX Error: Unicode character –û (U+041E)
               not set up for use with LaTeX.

See the LaTeX manual or LaTeX Companion for explanation.
Type  H <return>  for immediate help.
 ...                                              
                                                  
l.2 ...–ù–Ø–¢–ò–Ø –ò –£–¢–í–ï–†–ñ–î–ï–ù–ò–Ø –ì–ï–û
                                                  –ú–ï–¢–†–ò–ò}
You may provide a definition with
\DeclareUnicodeCharacter 


! LaTeX Error: Unicode character –ú (U+041C)
               not set up for use with LaTeX.

See the LaTeX manual or LaTeX Companion for explanation.
Type  H <return>  for immediate help.
 ...                                              
                                                  
l.2 ...–Ø–¢–ò–Ø –ò –£–¢–í–ï–†–ñ–î–ï–ù–ò–Ø –ì–ï–û–ú
                                                  –ï–¢–†–ò–ò}
You may provide a definition with
\DeclareUnicodeCharacter 


! LaTeX Error: Unicode character –ï (U+0415)
               not set up for use with LaTeX.

See the LaTeX manual or LaTeX Companion for explanation.
Type  H <return>  for immediate help.
 ...                                              
                                                  
l.2 ...–¢–ò–Ø –ò –£–¢–í–ï–†–ñ–î–ï–ù–ò–Ø –ì–ï–û–ú–ï
                                                  –¢–†–ò–ò}
You may provide a definition with
\DeclareUnicodeCharacter 


! LaTeX Error: Unicode character –¢ (U+0422)
               not set up for use with LaTeX.

See the LaTeX manual or LaTeX Companion for explanation.
Type  H <return>  for immediate help.
 ...                                              
                                                  
l.2 ...–ò–Ø –ò –£–¢–í–ï–†–ñ–î–ï–ù–ò–Ø –ì–ï–û–ú–ï–¢
                                                  –†–ò–ò}
You may provide a definition with
\DeclareUnicodeCharacter 


! LaTeX Error: Unicode character –† (U+0420)
               not set up for use with LaTeX.

See the LaTeX manual or LaTeX Companion for explanation.
Type  H <return>  for immediate help.
 ...                                              
                                                  
l.2 ...–Ø –ò –£–¢–í–ï–†–ñ–î–ï–ù–ò–Ø –ì–ï–û–ú–ï–¢–†
                                                  –ò–ò}
You may provide a definition with
\DeclareUnicodeCharacter 


! LaTeX Error: Unicode character –ò (U+0418)
               not set up for use with LaTeX.

See the LaTeX manual or LaTeX Companion for explanation.
Type  H <return>  for immediate help.
 ...                                              
                                                  
l.2 ... –ò –£–¢–í–ï–†–ñ–î–ï–ù–ò–Ø –ì–ï–û–ú–ï–¢–†–ò
                                                  –ò}
You may provide a definition with
\DeclareUnicodeCharacter 


! LaTeX Error: Unicode character –ò (U+0418)
               not set up for use with LaTeX.

See the LaTeX manual or LaTeX Companion for explanation.
Type  H <return>  for immediate help.
 ...                                              
                                                  
l.2 ...ò –£–¢–í–ï–†–ñ–î–ï–ù–ò–Ø –ì–ï–û–ú–ï–¢–†–ò–ò
                                                  }
You may provide a definition with
\DeclareUnicodeCharacter 

)
! Emergency stop.
<*> 21.tex
          
*** (job aborted, no legal \end found)

 
Here is how much of TeX's memory you used:
 32 strings out of 478278
 450 string characters out of 5841530
 289192 words of memory out of 5000000
 18338 multiletter control sequences out of 15000+600000
 469259 words of font info for 28 fonts, out of 8000000 for 9000
 1141 hyphenation exceptions out of 8191
 13i,0n,12p,101b,32s stack positions out of 5000i,500n,10000p,200000b,80000s
!  ==> Fatal error occurred, no output PDF file produced!
